23:28:28.29 | INFO | ################## itr_num: 999 ###################
23:28:28.29 | INFO | ------------------ Instance Details ------------------
23:28:28.29 | INFO | instance_num1: 0
23:28:28.29 | INFO | label: 2
23:28:28.29 | INFO | pred: 0
23:28:28.29 | INFO | correct: False
23:28:28.29 | INFO | max class score: 18.0
23:28:28.29 | INFO | all class scores: {0: 18.0, 1: 0.0, 2: 18.0}
23:28:28.29 | INFO | ################## itr_num: 999 ###################
23:28:28.29 | INFO | ------------------ Instance Details ------------------
23:28:28.29 | INFO | instance_num1: 1
23:28:28.29 | INFO | label: 0
23:28:28.29 | INFO | pred: 0
23:28:28.29 | INFO | correct: True
23:28:28.29 | INFO | max class score: 21.0
23:28:28.29 | INFO | all class scores: {0: 21.0, 1: 0.0, 2: 15.0}
23:28:28.29 | INFO | -----------Sub-Problem Details-----------
23:28:28.29 | INFO | A solution found
23:28:28.29 | INFO | x_ins: [0, 0, 1, 0, 0, 1, 0, 1, 0, 0, 0, 0, 1, 0, 0, 1, 0, 0, 0, 1, 0, 0]
23:28:28.29 | INFO | x_adv: [0, 0, 1, 0, 1, 1, 0, 0, 0, 1, 1, 0, 1, 1, 0, 1, 0, 1, 0, 1, 0, 0]
23:28:28.29 | INFO | flips: 6
23:28:28.29 | INFO | x_ins_pred: 0
23:28:28.29 | INFO | x_ins_pred score_dict: {0: 21.0, 1: 0.0, 2: 15.0}
23:28:28.29 | INFO | x_adv_pred: 2
23:28:28.29 | INFO | x_adv_pred score_dict: {0: 15.0, 1: 0.0, 2: 21.0}
23:28:28.29 | INFO | label wpos ls: [1, 0, 0, 1, 0, 0, 0, 1, 1, 0, 0, 0, 1, 0, 1, 0, 0, 0, 0, 0, 1, 1]
23:28:28.29 | INFO | label wneg ls: [0, 0, 1, 0, 1, 1, 1, 0, 0, 1, 1, 0, 0, 1, 0, 1, 0, 1, 1, 0, 0, 0]
23:28:28.29 | INFO | label bias: 22.0
23:28:28.29 | INFO | adv wpos ls: [0, 0, 1, 0, 1, 1, 1, 0, 0, 1, 1, 0, 0, 1, 0, 1, 0, 1, 1, 0, 0, 0]
23:28:28.29 | INFO | adv wneg ls: [1, 0, 0, 1, 0, 0, 0, 1, 1, 0, 0, 0, 1, 0, 1, 0, 0, 0, 0, 0, 1, 1]
23:28:28.29 | INFO | adv bias: 14.0
23:28:28.29 | INFO | label+adv w+b: [1, 0, 0, 1, 0, 0, 0, 1, 1, 0, 0, 0, 1, 0, 1, 0, 0, 0, 0, 0, 1, 1]|[0, 0, 1, 0, 1, 1, 1, 0, 0, 1, 1, 0, 0, 1, 0, 1, 0, 1, 1, 0, 0, 0]|22.0|[0, 0, 1, 0, 1, 1, 1, 0, 0, 1, 1, 0, 0, 1, 0, 1, 0, 1, 1, 0, 0, 0]|[1, 0, 0, 1, 0, 0, 0, 1, 1, 0, 0, 0, 1, 0, 1, 0, 0, 0, 0, 0, 1, 1]|14.0
23:28:28.29 | INFO | q01: [0, 0, 0, 0, 1, 0, 0, 0, 0, 1, 1, 0, 0, 1, 0, 0, 0, 1, 0, 0, 0, 0]
23:28:28.29 | INFO | q10: [0, 0, 0, 0, 0, 0, 0, 1, 0, 0, 0, 0, 0, 0, 0, 0, 0, 0, 0, 0, 0, 0]
23:28:28.29 | INFO | Solution does change prediction
23:28:28.29 | INFO | adv_count (incremented): 1
23:28:28.30 | INFO | ################## itr_num: 999 ###################
23:28:28.30 | INFO | ------------------ Instance Details ------------------
23:28:28.30 | INFO | instance_num1: 2
23:28:28.30 | INFO | label: 2
23:28:28.30 | INFO | pred: 0
23:28:28.30 | INFO | correct: False
23:28:28.30 | INFO | max class score: 18.0
23:28:28.30 | INFO | all class scores: {0: 18.0, 1: 0.0, 2: 18.0}
23:28:28.30 | INFO | ################## itr_num: 999 ###################
23:28:28.30 | INFO | ------------------ Instance Details ------------------
23:28:28.30 | INFO | instance_num1: 3
23:28:28.30 | INFO | label: 0
23:28:28.30 | INFO | pred: 0
23:28:28.30 | INFO | correct: True
23:28:28.30 | INFO | max class score: 18.0
23:28:28.30 | INFO | all class scores: {0: 18.0, 1: 0.0, 2: 18.0}
23:28:28.30 | INFO | -----------Sub-Problem Details-----------
23:28:28.30 | INFO | A solution found
23:28:28.30 | INFO | x_ins: [0, 0, 1, 0, 0, 1, 0, 0, 0, 1, 1, 0, 1, 0, 0, 1, 0, 0, 0, 1, 0, 0]
23:28:28.30 | INFO | x_adv: [0, 0, 1, 0, 1, 1, 1, 0, 0, 1, 1, 0, 0, 1, 0, 1, 0, 1, 1, 1, 0, 0]
23:28:28.30 | INFO | flips: 6
23:28:28.30 | INFO | x_ins_pred: 0
23:28:28.30 | INFO | x_ins_pred score_dict: {0: 18.0, 1: 0.0, 2: 18.0}
23:28:28.30 | INFO | x_adv_pred: 2
23:28:28.30 | INFO | x_adv_pred score_dict: {0: 12.0, 1: 0.0, 2: 24.0}
23:28:28.30 | INFO | label wpos ls: [1, 0, 0, 1, 0, 0, 0, 1, 1, 0, 0, 0, 1, 0, 1, 0, 0, 0, 0, 0, 1, 1]
23:28:28.30 | INFO | label wneg ls: [0, 0, 1, 0, 1, 1, 1, 0, 0, 1, 1, 0, 0, 1, 0, 1, 0, 1, 1, 0, 0, 0]
23:28:28.30 | INFO | label bias: 22.0
23:28:28.30 | INFO | adv wpos ls: [0, 0, 1, 0, 1, 1, 1, 0, 0, 1, 1, 0, 0, 1, 0, 1, 0, 1, 1, 0, 0, 0]
23:28:28.30 | INFO | adv wneg ls: [1, 0, 0, 1, 0, 0, 0, 1, 1, 0, 0, 0, 1, 0, 1, 0, 0, 0, 0, 0, 1, 1]
23:28:28.30 | INFO | adv bias: 14.0
23:28:28.30 | INFO | label+adv w+b: [1, 0, 0, 1, 0, 0, 0, 1, 1, 0, 0, 0, 1, 0, 1, 0, 0, 0, 0, 0, 1, 1]|[0, 0, 1, 0, 1, 1, 1, 0, 0, 1, 1, 0, 0, 1, 0, 1, 0, 1, 1, 0, 0, 0]|22.0|[0, 0, 1, 0, 1, 1, 1, 0, 0, 1, 1, 0, 0, 1, 0, 1, 0, 1, 1, 0, 0, 0]|[1, 0, 0, 1, 0, 0, 0, 1, 1, 0, 0, 0, 1, 0, 1, 0, 0, 0, 0, 0, 1, 1]|14.0
23:28:28.30 | INFO | q01: [0, 0, 0, 0, 1, 0, 1, 0, 0, 0, 0, 0, 0, 1, 0, 0, 0, 1, 1, 0, 0, 0]
23:28:28.30 | INFO | q10: [0, 0, 0, 0, 0, 0, 0, 0, 0, 0, 0, 0, 1, 0, 0, 0, 0, 0, 0, 0, 0, 0]
23:28:28.30 | INFO | Solution does change prediction
23:28:28.30 | INFO | adv_count (incremented): 1
23:28:28.30 | INFO | ################## itr_num: 999 ###################
23:28:28.30 | INFO | ------------------ Instance Details ------------------
23:28:28.30 | INFO | instance_num1: 4
23:28:28.30 | INFO | label: 0
23:28:28.30 | INFO | pred: 0
23:28:28.30 | INFO | correct: True
23:28:28.30 | INFO | max class score: 24.0
23:28:28.30 | INFO | all class scores: {0: 24.0, 1: 0.0, 2: 12.0}
23:28:28.31 | INFO | -----------Sub-Problem Details-----------
23:28:28.31 | INFO | A solution found
23:28:28.31 | INFO | x_ins: [1, 0, 0, 1, 0, 0, 0, 0, 0, 1, 1, 0, 1, 0, 1, 0, 0, 0, 0, 1, 0, 0]
23:28:28.31 | INFO | x_adv: [1, 0, 1, 0, 1, 1, 0, 0, 0, 1, 1, 0, 1, 0, 0, 0, 0, 0, 1, 1, 0, 0]
23:28:28.31 | INFO | flips: 6
23:28:28.31 | INFO | x_ins_pred: 0
23:28:28.31 | INFO | x_ins_pred score_dict: {0: 24.0, 1: 0.0, 2: 12.0}
23:28:28.31 | INFO | x_adv_pred: 0
23:28:28.31 | INFO | x_adv_pred score_dict: {0: 18.0, 1: 0.0, 2: 18.0}
23:28:28.31 | INFO | label wpos ls: [1, 0, 0, 1, 0, 0, 0, 1, 1, 0, 0, 0, 1, 0, 1, 0, 0, 0, 0, 0, 1, 1]
23:28:28.31 | INFO | label wneg ls: [0, 0, 1, 0, 1, 1, 1, 0, 0, 1, 1, 0, 0, 1, 0, 1, 0, 1, 1, 0, 0, 0]
23:28:28.31 | INFO | label bias: 22.0
23:28:28.31 | INFO | adv wpos ls: [1, 0, 0, 1, 0, 0, 0, 1, 1, 0, 0, 0, 1, 0, 1, 0, 0, 0, 0, 0, 1, 1]
23:28:28.31 | INFO | adv wneg ls: [0, 0, 1, 0, 1, 1, 1, 0, 0, 1, 1, 0, 0, 1, 0, 1, 0, 1, 1, 0, 0, 0]
23:28:28.31 | INFO | adv bias: 22.0
23:28:28.31 | INFO | label+adv w+b: [1, 0, 0, 1, 0, 0, 0, 1, 1, 0, 0, 0, 1, 0, 1, 0, 0, 0, 0, 0, 1, 1]|[0, 0, 1, 0, 1, 1, 1, 0, 0, 1, 1, 0, 0, 1, 0, 1, 0, 1, 1, 0, 0, 0]|22.0|[1, 0, 0, 1, 0, 0, 0, 1, 1, 0, 0, 0, 1, 0, 1, 0, 0, 0, 0, 0, 1, 1]|[0, 0, 1, 0, 1, 1, 1, 0, 0, 1, 1, 0, 0, 1, 0, 1, 0, 1, 1, 0, 0, 0]|22.0
23:28:28.31 | INFO | q01: [0, 0, 1, 0, 1, 1, 0, 0, 0, 0, 0, 0, 0, 0, 0, 0, 0, 0, 1, 0, 0, 0]
23:28:28.31 | INFO | q10: [0, 0, 0, 1, 0, 0, 0, 0, 0, 0, 0, 0, 0, 0, 1, 0, 0, 0, 0, 0, 0, 0]
23:28:28.31 | INFO | Solution does not change prediction
23:28:28.31 | INFO | adv_count (unchanged): 0
23:28:28.31 | INFO | ################## itr_num: 999 ###################
23:28:28.31 | INFO | ------------------ Instance Details ------------------
23:28:28.31 | INFO | instance_num1: 5
23:28:28.31 | INFO | label: 0
23:28:28.31 | INFO | pred: 0
23:28:28.31 | INFO | correct: True
23:28:28.31 | INFO | max class score: 21.0
23:28:28.31 | INFO | all class scores: {0: 21.0, 1: 0.0, 2: 15.0}
23:28:28.31 | INFO | -----------Sub-Problem Details-----------
23:28:28.31 | INFO | A solution found
23:28:28.31 | INFO | x_ins: [0, 0, 1, 1, 0, 0, 1, 0, 1, 0, 1, 0, 1, 0, 0, 1, 0, 0, 0, 1, 0, 0]
23:28:28.31 | INFO | x_adv: [0, 0, 1, 0, 1, 1, 1, 0, 0, 1, 1, 0, 1, 1, 0, 1, 0, 0, 0, 1, 0, 0]
23:28:28.31 | INFO | flips: 6
23:28:28.31 | INFO | x_ins_pred: 0
23:28:28.31 | INFO | x_ins_pred score_dict: {0: 21.0, 1: 0.0, 2: 15.0}
23:28:28.31 | INFO | x_adv_pred: 2
23:28:28.31 | INFO | x_adv_pred score_dict: {0: 15.0, 1: 0.0, 2: 21.0}
23:28:28.31 | INFO | label wpos ls: [1, 0, 0, 1, 0, 0, 0, 1, 1, 0, 0, 0, 1, 0, 1, 0, 0, 0, 0, 0, 1, 1]
23:28:28.31 | INFO | label wneg ls: [0, 0, 1, 0, 1, 1, 1, 0, 0, 1, 1, 0, 0, 1, 0, 1, 0, 1, 1, 0, 0, 0]
23:28:28.31 | INFO | label bias: 22.0
23:28:28.31 | INFO | adv wpos ls: [0, 0, 1, 0, 1, 1, 1, 0, 0, 1, 1, 0, 0, 1, 0, 1, 0, 1, 1, 0, 0, 0]
23:28:28.31 | INFO | adv wneg ls: [1, 0, 0, 1, 0, 0, 0, 1, 1, 0, 0, 0, 1, 0, 1, 0, 0, 0, 0, 0, 1, 1]
23:28:28.31 | INFO | adv bias: 14.0
23:28:28.31 | INFO | label+adv w+b: [1, 0, 0, 1, 0, 0, 0, 1, 1, 0, 0, 0, 1, 0, 1, 0, 0, 0, 0, 0, 1, 1]|[0, 0, 1, 0, 1, 1, 1, 0, 0, 1, 1, 0, 0, 1, 0, 1, 0, 1, 1, 0, 0, 0]|22.0|[0, 0, 1, 0, 1, 1, 1, 0, 0, 1, 1, 0, 0, 1, 0, 1, 0, 1, 1, 0, 0, 0]|[1, 0, 0, 1, 0, 0, 0, 1, 1, 0, 0, 0, 1, 0, 1, 0, 0, 0, 0, 0, 1, 1]|14.0
23:28:28.31 | INFO | q01: [0, 0, 0, 0, 1, 1, 0, 0, 0, 1, 0, 0, 0, 1, 0, 0, 0, 0, 0, 0, 0, 0]
23:28:28.31 | INFO | q10: [0, 0, 0, 1, 0, 0, 0, 0, 1, 0, 0, 0, 0, 0, 0, 0, 0, 0, 0, 0, 0, 0]
23:28:28.31 | INFO | Solution does change prediction
23:28:28.31 | INFO | adv_count (incremented): 1
23:28:28.32 | INFO | ################## itr_num: 999 ###################
23:28:28.32 | INFO | ------------------ Instance Details ------------------
23:28:28.32 | INFO | instance_num1: 6
23:28:28.32 | INFO | label: 0
23:28:28.32 | INFO | pred: 0
23:28:28.32 | INFO | correct: True
23:28:28.32 | INFO | max class score: 20.0
23:28:28.32 | INFO | all class scores: {0: 20.0, 1: 0.0, 2: 16.0}
23:28:28.32 | INFO | -----------Sub-Problem Details-----------
23:28:28.32 | INFO | A solution found
23:28:28.32 | INFO | x_ins: [0, 0, 1, 0, 0, 1, 0, 0, 0, 1, 0, 0, 1, 0, 0, 1, 0, 0, 0, 0, 1, 0]
23:28:28.32 | INFO | x_adv: [0, 0, 1, 0, 1, 1, 1, 0, 0, 1, 1, 0, 1, 1, 0, 1, 0, 1, 1, 0, 1, 0]
23:28:28.32 | INFO | flips: 6
23:28:28.32 | INFO | x_ins_pred: 0
23:28:28.32 | INFO | x_ins_pred score_dict: {0: 20.0, 1: 0.0, 2: 16.0}
23:28:28.32 | INFO | x_adv_pred: 2
23:28:28.32 | INFO | x_adv_pred score_dict: {0: 14.0, 1: 0.0, 2: 22.0}
23:28:28.32 | INFO | label wpos ls: [1, 0, 0, 1, 0, 0, 0, 1, 1, 0, 0, 0, 1, 0, 1, 0, 0, 0, 0, 0, 1, 1]
23:28:28.32 | INFO | label wneg ls: [0, 0, 1, 0, 1, 1, 1, 0, 0, 1, 1, 0, 0, 1, 0, 1, 0, 1, 1, 0, 0, 0]
23:28:28.32 | INFO | label bias: 22.0
23:28:28.32 | INFO | adv wpos ls: [0, 0, 1, 0, 1, 1, 1, 0, 0, 1, 1, 0, 0, 1, 0, 1, 0, 1, 1, 0, 0, 0]
23:28:28.32 | INFO | adv wneg ls: [1, 0, 0, 1, 0, 0, 0, 1, 1, 0, 0, 0, 1, 0, 1, 0, 0, 0, 0, 0, 1, 1]
23:28:28.32 | INFO | adv bias: 14.0
23:28:28.32 | INFO | label+adv w+b: [1, 0, 0, 1, 0, 0, 0, 1, 1, 0, 0, 0, 1, 0, 1, 0, 0, 0, 0, 0, 1, 1]|[0, 0, 1, 0, 1, 1, 1, 0, 0, 1, 1, 0, 0, 1, 0, 1, 0, 1, 1, 0, 0, 0]|22.0|[0, 0, 1, 0, 1, 1, 1, 0, 0, 1, 1, 0, 0, 1, 0, 1, 0, 1, 1, 0, 0, 0]|[1, 0, 0, 1, 0, 0, 0, 1, 1, 0, 0, 0, 1, 0, 1, 0, 0, 0, 0, 0, 1, 1]|14.0
23:28:28.32 | INFO | q01: [0, 0, 0, 0, 1, 0, 1, 0, 0, 0, 1, 0, 0, 1, 0, 0, 0, 1, 1, 0, 0, 0]
23:28:28.32 | INFO | q10: [0, 0, 0, 0, 0, 0, 0, 0, 0, 0, 0, 0, 0, 0, 0, 0, 0, 0, 0, 0, 0, 0]
23:28:28.32 | INFO | Solution does change prediction
23:28:28.32 | INFO | adv_count (incremented): 1
23:28:28.32 | INFO | ################## itr_num: 999 ###################
23:28:28.32 | INFO | ------------------ Instance Details ------------------
23:28:28.32 | INFO | instance_num1: 7
23:28:28.32 | INFO | label: 0
23:28:28.32 | INFO | pred: 0
23:28:28.32 | INFO | correct: True
23:28:28.32 | INFO | max class score: 27.0
23:28:28.32 | INFO | all class scores: {0: 27.0, 1: 0.0, 2: 9.0}
23:28:28.33 | INFO | -----------Sub-Problem Details-----------
23:28:28.33 | INFO | No solution found
23:28:28.33 | INFO | x_ins: [1, 0, 0, 1, 0, 0, 0, 1, 0, 0, 0, 0, 1, 0, 0, 0, 1, 0, 0, 0, 0, 1]
23:28:28.33 | INFO | adv_count (unchanged): 0
23:28:28.33 | INFO | ################## itr_num: 999 ###################
23:28:28.33 | INFO | ------------------ Instance Details ------------------
23:28:28.33 | INFO | instance_num1: 8
23:28:28.33 | INFO | label: 0
23:28:28.33 | INFO | pred: 0
23:28:28.33 | INFO | correct: True
23:28:28.33 | INFO | max class score: 20.0
23:28:28.33 | INFO | all class scores: {0: 20.0, 1: 0.0, 2: 16.0}
23:28:28.33 | INFO | -----------Sub-Problem Details-----------
23:28:28.33 | INFO | A solution found
23:28:28.33 | INFO | x_ins: [0, 0, 1, 0, 0, 1, 0, 0, 0, 1, 0, 0, 1, 0, 0, 0, 1, 0, 0, 1, 0, 0]
23:28:28.33 | INFO | x_adv: [0, 0, 1, 0, 1, 1, 1, 0, 0, 1, 1, 0, 1, 1, 0, 0, 1, 1, 1, 1, 0, 0]
23:28:28.33 | INFO | flips: 6
23:28:28.33 | INFO | x_ins_pred: 0
23:28:28.33 | INFO | x_ins_pred score_dict: {0: 20.0, 1: 0.0, 2: 16.0}
23:28:28.33 | INFO | x_adv_pred: 2
23:28:28.33 | INFO | x_adv_pred score_dict: {0: 14.0, 1: 0.0, 2: 22.0}
23:28:28.33 | INFO | label wpos ls: [1, 0, 0, 1, 0, 0, 0, 1, 1, 0, 0, 0, 1, 0, 1, 0, 0, 0, 0, 0, 1, 1]
23:28:28.33 | INFO | label wneg ls: [0, 0, 1, 0, 1, 1, 1, 0, 0, 1, 1, 0, 0, 1, 0, 1, 0, 1, 1, 0, 0, 0]
23:28:28.33 | INFO | label bias: 22.0
23:28:28.33 | INFO | adv wpos ls: [0, 0, 1, 0, 1, 1, 1, 0, 0, 1, 1, 0, 0, 1, 0, 1, 0, 1, 1, 0, 0, 0]
23:28:28.33 | INFO | adv wneg ls: [1, 0, 0, 1, 0, 0, 0, 1, 1, 0, 0, 0, 1, 0, 1, 0, 0, 0, 0, 0, 1, 1]
23:28:28.33 | INFO | adv bias: 14.0
23:28:28.33 | INFO | label+adv w+b: [1, 0, 0, 1, 0, 0, 0, 1, 1, 0, 0, 0, 1, 0, 1, 0, 0, 0, 0, 0, 1, 1]|[0, 0, 1, 0, 1, 1, 1, 0, 0, 1, 1, 0, 0, 1, 0, 1, 0, 1, 1, 0, 0, 0]|22.0|[0, 0, 1, 0, 1, 1, 1, 0, 0, 1, 1, 0, 0, 1, 0, 1, 0, 1, 1, 0, 0, 0]|[1, 0, 0, 1, 0, 0, 0, 1, 1, 0, 0, 0, 1, 0, 1, 0, 0, 0, 0, 0, 1, 1]|14.0
23:28:28.33 | INFO | q01: [0, 0, 0, 0, 1, 0, 1, 0, 0, 0, 1, 0, 0, 1, 0, 0, 0, 1, 1, 0, 0, 0]
23:28:28.33 | INFO | q10: [0, 0, 0, 0, 0, 0, 0, 0, 0, 0, 0, 0, 0, 0, 0, 0, 0, 0, 0, 0, 0, 0]
23:28:28.33 | INFO | Solution does change prediction
23:28:28.33 | INFO | adv_count (incremented): 1
23:28:28.34 | INFO | ################## itr_num: 999 ###################
23:28:28.34 | INFO | ------------------ Instance Details ------------------
23:28:28.34 | INFO | instance_num1: 9
23:28:28.34 | INFO | label: 0
23:28:28.34 | INFO | pred: 0
23:28:28.34 | INFO | correct: True
23:28:28.34 | INFO | max class score: 24.0
23:28:28.34 | INFO | all class scores: {0: 24.0, 1: 0.0, 2: 12.0}
23:28:28.34 | INFO | -----------Sub-Problem Details-----------
23:28:28.34 | INFO | A solution found
23:28:28.34 | INFO | x_ins: [1, 0, 0, 0, 0, 1, 1, 0, 1, 0, 0, 0, 1, 0, 1, 0, 0, 0, 0, 1, 0, 0]
23:28:28.34 | INFO | x_adv: [1, 0, 1, 0, 1, 1, 1, 0, 1, 1, 1, 0, 1, 0, 1, 1, 0, 1, 0, 1, 0, 0]
23:28:28.34 | INFO | flips: 6
23:28:28.34 | INFO | x_ins_pred: 0
23:28:28.34 | INFO | x_ins_pred score_dict: {0: 24.0, 1: 0.0, 2: 12.0}
23:28:28.34 | INFO | x_adv_pred: 0
23:28:28.34 | INFO | x_adv_pred score_dict: {0: 18.0, 1: 0.0, 2: 18.0}
23:28:28.34 | INFO | label wpos ls: [1, 0, 0, 1, 0, 0, 0, 1, 1, 0, 0, 0, 1, 0, 1, 0, 0, 0, 0, 0, 1, 1]
23:28:28.34 | INFO | label wneg ls: [0, 0, 1, 0, 1, 1, 1, 0, 0, 1, 1, 0, 0, 1, 0, 1, 0, 1, 1, 0, 0, 0]
23:28:28.34 | INFO | label bias: 22.0
23:28:28.34 | INFO | adv wpos ls: [1, 0, 0, 1, 0, 0, 0, 1, 1, 0, 0, 0, 1, 0, 1, 0, 0, 0, 0, 0, 1, 1]
23:28:28.34 | INFO | adv wneg ls: [0, 0, 1, 0, 1, 1, 1, 0, 0, 1, 1, 0, 0, 1, 0, 1, 0, 1, 1, 0, 0, 0]
23:28:28.34 | INFO | adv bias: 22.0
23:28:28.34 | INFO | label+adv w+b: [1, 0, 0, 1, 0, 0, 0, 1, 1, 0, 0, 0, 1, 0, 1, 0, 0, 0, 0, 0, 1, 1]|[0, 0, 1, 0, 1, 1, 1, 0, 0, 1, 1, 0, 0, 1, 0, 1, 0, 1, 1, 0, 0, 0]|22.0|[1, 0, 0, 1, 0, 0, 0, 1, 1, 0, 0, 0, 1, 0, 1, 0, 0, 0, 0, 0, 1, 1]|[0, 0, 1, 0, 1, 1, 1, 0, 0, 1, 1, 0, 0, 1, 0, 1, 0, 1, 1, 0, 0, 0]|22.0
23:28:28.34 | INFO | q01: [0, 0, 1, 0, 1, 0, 0, 0, 0, 1, 1, 0, 0, 0, 0, 1, 0, 1, 0, 0, 0, 0]
23:28:28.34 | INFO | q10: [0, 0, 0, 0, 0, 0, 0, 0, 0, 0, 0, 0, 0, 0, 0, 0, 0, 0, 0, 0, 0, 0]
23:28:28.34 | INFO | Solution does not change prediction
23:28:28.34 | INFO | adv_count (unchanged): 0
23:28:28.46 | INFO | ################## itr_num: 1 ###################
23:28:28.46 | INFO | ------------------ Instance Details ------------------
23:28:28.46 | INFO | instance_num1: 0
23:28:28.46 | INFO | label: 2
23:28:28.46 | INFO | pred: 0
23:28:28.46 | INFO | correct: False
23:28:28.46 | INFO | max class score: 27.0
23:28:28.46 | INFO | all class scores: {0: 27.0, 1: 0.0, 2: 1.0}
23:28:28.46 | INFO | ################## itr_num: 1 ###################
23:28:28.46 | INFO | ------------------ Instance Details ------------------
23:28:28.46 | INFO | instance_num1: 1
23:28:28.46 | INFO | label: 0
23:28:28.46 | INFO | pred: 0
23:28:28.46 | INFO | correct: True
23:28:28.46 | INFO | max class score: 25.0
23:28:28.46 | INFO | all class scores: {0: 25.0, 1: 0.0, 2: 3.0}
23:28:28.47 | INFO | -----------Sub-Problem Details-----------
23:28:28.47 | INFO | No solution found
23:28:28.47 | INFO | x_ins: [0, 0, 1, 0, 0, 1, 0, 1, 0, 0, 0, 0, 1, 0, 0, 1, 0, 0, 0, 1, 0, 0]
23:28:28.47 | INFO | adv_count (unchanged): 0
23:28:28.47 | INFO | ################## itr_num: 1 ###################
23:28:28.47 | INFO | ------------------ Instance Details ------------------
23:28:28.47 | INFO | instance_num1: 2
23:28:28.47 | INFO | label: 2
23:28:28.47 | INFO | pred: 0
23:28:28.47 | INFO | correct: False
23:28:28.47 | INFO | max class score: 24.0
23:28:28.47 | INFO | all class scores: {0: 24.0, 1: 0.0, 2: 3.0}
23:28:28.47 | INFO | ################## itr_num: 1 ###################
23:28:28.47 | INFO | ------------------ Instance Details ------------------
23:28:28.47 | INFO | instance_num1: 3
23:28:28.47 | INFO | label: 0
23:28:28.47 | INFO | pred: 0
23:28:28.47 | INFO | correct: True
23:28:28.47 | INFO | max class score: 26.0
23:28:28.47 | INFO | all class scores: {0: 26.0, 1: 0.0, 2: 2.0}
23:28:28.47 | INFO | -----------Sub-Problem Details-----------
23:28:28.47 | INFO | No solution found
23:28:28.47 | INFO | x_ins: [0, 0, 1, 0, 0, 1, 0, 0, 0, 1, 1, 0, 1, 0, 0, 1, 0, 0, 0, 1, 0, 0]
23:28:28.47 | INFO | adv_count (unchanged): 0
23:28:28.47 | INFO | ################## itr_num: 1 ###################
23:28:28.47 | INFO | ------------------ Instance Details ------------------
23:28:28.47 | INFO | instance_num1: 4
23:28:28.47 | INFO | label: 0
23:28:28.47 | INFO | pred: 0
23:28:28.47 | INFO | correct: True
23:28:28.47 | INFO | max class score: 29.0
23:28:28.47 | INFO | all class scores: {0: 29.0, 1: 0.0, 2: 0.0}
23:28:28.47 | INFO | -----------Sub-Problem Details-----------
23:28:28.48 | INFO | No solution found
23:28:28.48 | INFO | x_ins: [1, 0, 0, 1, 0, 0, 0, 0, 0, 1, 1, 0, 1, 0, 1, 0, 0, 0, 0, 1, 0, 0]
23:28:28.48 | INFO | adv_count (unchanged): 0
23:28:28.48 | INFO | ################## itr_num: 1 ###################
23:28:28.48 | INFO | ------------------ Instance Details ------------------
23:28:28.48 | INFO | instance_num1: 5
23:28:28.48 | INFO | label: 0
23:28:28.48 | INFO | pred: 0
23:28:28.48 | INFO | correct: True
23:28:28.48 | INFO | max class score: 25.0
23:28:28.48 | INFO | all class scores: {0: 25.0, 1: 0.0, 2: 2.0}
23:28:28.48 | INFO | -----------Sub-Problem Details-----------
23:28:28.48 | INFO | No solution found
23:28:28.48 | INFO | x_ins: [0, 0, 1, 1, 0, 0, 1, 0, 1, 0, 1, 0, 1, 0, 0, 1, 0, 0, 0, 1, 0, 0]
23:28:28.48 | INFO | adv_count (unchanged): 0
23:28:28.48 | INFO | ################## itr_num: 1 ###################
23:28:28.48 | INFO | ------------------ Instance Details ------------------
23:28:28.48 | INFO | instance_num1: 6
23:28:28.48 | INFO | label: 0
23:28:28.48 | INFO | pred: 0
23:28:28.48 | INFO | correct: True
23:28:28.48 | INFO | max class score: 25.0
23:28:28.48 | INFO | all class scores: {0: 25.0, 1: 0.0, 2: 2.0}
23:28:28.48 | INFO | -----------Sub-Problem Details-----------
23:28:28.48 | INFO | No solution found
23:28:28.48 | INFO | x_ins: [0, 0, 1, 0, 0, 1, 0, 0, 0, 1, 0, 0, 1, 0, 0, 1, 0, 0, 0, 0, 1, 0]
23:28:28.48 | INFO | adv_count (unchanged): 0
23:28:28.48 | INFO | ################## itr_num: 1 ###################
23:28:28.48 | INFO | ------------------ Instance Details ------------------
23:28:28.48 | INFO | instance_num1: 7
23:28:28.48 | INFO | label: 0
23:28:28.48 | INFO | pred: 0
23:28:28.48 | INFO | correct: True
23:28:28.48 | INFO | max class score: 28.0
23:28:28.48 | INFO | all class scores: {0: 28.0, 1: 0.0, 2: 0.0}
23:28:28.49 | INFO | -----------Sub-Problem Details-----------
23:28:28.49 | INFO | No solution found
23:28:28.49 | INFO | x_ins: [1, 0, 0, 1, 0, 0, 0, 1, 0, 0, 0, 0, 1, 0, 0, 0, 1, 0, 0, 0, 0, 1]
23:28:28.49 | INFO | adv_count (unchanged): 0
23:28:28.49 | INFO | ################## itr_num: 1 ###################
23:28:28.49 | INFO | ------------------ Instance Details ------------------
23:28:28.49 | INFO | instance_num1: 8
23:28:28.49 | INFO | label: 0
23:28:28.49 | INFO | pred: 0
23:28:28.49 | INFO | correct: True
23:28:28.49 | INFO | max class score: 27.0
23:28:28.49 | INFO | all class scores: {0: 27.0, 1: 0.0, 2: 0.0}
23:28:28.49 | INFO | -----------Sub-Problem Details-----------
23:28:28.49 | INFO | No solution found
23:28:28.49 | INFO | x_ins: [0, 0, 1, 0, 0, 1, 0, 0, 0, 1, 0, 0, 1, 0, 0, 0, 1, 0, 0, 1, 0, 0]
23:28:28.49 | INFO | adv_count (unchanged): 0
23:28:28.49 | INFO | ################## itr_num: 1 ###################
23:28:28.49 | INFO | ------------------ Instance Details ------------------
23:28:28.49 | INFO | instance_num1: 9
23:28:28.49 | INFO | label: 0
23:28:28.49 | INFO | pred: 0
23:28:28.49 | INFO | correct: True
23:28:28.49 | INFO | max class score: 27.0
23:28:28.49 | INFO | all class scores: {0: 27.0, 1: 0.0, 2: 0.0}
23:28:28.49 | INFO | -----------Sub-Problem Details-----------
23:28:28.49 | INFO | No solution found
23:28:28.49 | INFO | x_ins: [1, 0, 0, 0, 0, 1, 1, 0, 1, 0, 0, 0, 1, 0, 1, 0, 0, 0, 0, 1, 0, 0]
23:28:28.49 | INFO | adv_count (unchanged): 0
23:28:28.52 | INFO | ################## itr_num: 999 ###################
23:28:28.52 | INFO | ------------------ Instance Details ------------------
23:28:28.52 | INFO | instance_num1: 0
23:28:28.52 | INFO | label: 2
23:28:28.52 | INFO | pred: 0
23:28:28.52 | INFO | correct: False
23:28:28.52 | INFO | max class score: 27.0
23:28:28.52 | INFO | all class scores: {0: 27.0, 1: 0.0, 2: 1.0}
23:28:28.52 | INFO | ################## itr_num: 999 ###################
23:28:28.52 | INFO | ------------------ Instance Details ------------------
23:28:28.52 | INFO | instance_num1: 1
23:28:28.52 | INFO | label: 0
23:28:28.52 | INFO | pred: 0
23:28:28.52 | INFO | correct: True
23:28:28.52 | INFO | max class score: 25.0
23:28:28.52 | INFO | all class scores: {0: 25.0, 1: 0.0, 2: 3.0}
23:28:28.53 | INFO | -----------Sub-Problem Details-----------
23:28:28.53 | INFO | No solution found
23:28:28.53 | INFO | x_ins: [0, 0, 1, 0, 0, 1, 0, 1, 0, 0, 0, 0, 1, 0, 0, 1, 0, 0, 0, 1, 0, 0]
23:28:28.53 | INFO | adv_count (unchanged): 0
23:28:28.53 | INFO | ################## itr_num: 999 ###################
23:28:28.53 | INFO | ------------------ Instance Details ------------------
23:28:28.53 | INFO | instance_num1: 2
23:28:28.53 | INFO | label: 2
23:28:28.53 | INFO | pred: 0
23:28:28.53 | INFO | correct: False
23:28:28.53 | INFO | max class score: 24.0
23:28:28.53 | INFO | all class scores: {0: 24.0, 1: 0.0, 2: 3.0}
23:28:28.53 | INFO | ################## itr_num: 999 ###################
23:28:28.53 | INFO | ------------------ Instance Details ------------------
23:28:28.53 | INFO | instance_num1: 3
23:28:28.53 | INFO | label: 0
23:28:28.53 | INFO | pred: 0
23:28:28.53 | INFO | correct: True
23:28:28.53 | INFO | max class score: 26.0
23:28:28.53 | INFO | all class scores: {0: 26.0, 1: 0.0, 2: 2.0}
23:28:28.53 | INFO | -----------Sub-Problem Details-----------
23:28:28.53 | INFO | No solution found
23:28:28.53 | INFO | x_ins: [0, 0, 1, 0, 0, 1, 0, 0, 0, 1, 1, 0, 1, 0, 0, 1, 0, 0, 0, 1, 0, 0]
23:28:28.53 | INFO | adv_count (unchanged): 0
23:28:28.53 | INFO | ################## itr_num: 999 ###################
23:28:28.53 | INFO | ------------------ Instance Details ------------------
23:28:28.53 | INFO | instance_num1: 4
23:28:28.53 | INFO | label: 0
23:28:28.53 | INFO | pred: 0
23:28:28.53 | INFO | correct: True
23:28:28.53 | INFO | max class score: 29.0
23:28:28.53 | INFO | all class scores: {0: 29.0, 1: 0.0, 2: 0.0}
23:28:28.54 | INFO | -----------Sub-Problem Details-----------
23:28:28.54 | INFO | No solution found
23:28:28.54 | INFO | x_ins: [1, 0, 0, 1, 0, 0, 0, 0, 0, 1, 1, 0, 1, 0, 1, 0, 0, 0, 0, 1, 0, 0]
23:28:28.54 | INFO | adv_count (unchanged): 0
23:28:28.54 | INFO | ################## itr_num: 999 ###################
23:28:28.54 | INFO | ------------------ Instance Details ------------------
23:28:28.54 | INFO | instance_num1: 5
23:28:28.54 | INFO | label: 0
23:28:28.54 | INFO | pred: 0
23:28:28.54 | INFO | correct: True
23:28:28.54 | INFO | max class score: 25.0
23:28:28.54 | INFO | all class scores: {0: 25.0, 1: 0.0, 2: 2.0}
23:28:28.54 | INFO | -----------Sub-Problem Details-----------
23:28:28.54 | INFO | No solution found
23:28:28.54 | INFO | x_ins: [0, 0, 1, 1, 0, 0, 1, 0, 1, 0, 1, 0, 1, 0, 0, 1, 0, 0, 0, 1, 0, 0]
23:28:28.54 | INFO | adv_count (unchanged): 0
23:28:28.54 | INFO | ################## itr_num: 999 ###################
23:28:28.54 | INFO | ------------------ Instance Details ------------------
23:28:28.54 | INFO | instance_num1: 6
23:28:28.54 | INFO | label: 0
23:28:28.54 | INFO | pred: 0
23:28:28.54 | INFO | correct: True
23:28:28.54 | INFO | max class score: 25.0
23:28:28.54 | INFO | all class scores: {0: 25.0, 1: 0.0, 2: 2.0}
23:28:28.55 | INFO | -----------Sub-Problem Details-----------
23:28:28.55 | INFO | No solution found
23:28:28.55 | INFO | x_ins: [0, 0, 1, 0, 0, 1, 0, 0, 0, 1, 0, 0, 1, 0, 0, 1, 0, 0, 0, 0, 1, 0]
23:28:28.55 | INFO | adv_count (unchanged): 0
23:28:28.55 | INFO | ################## itr_num: 999 ###################
23:28:28.55 | INFO | ------------------ Instance Details ------------------
23:28:28.55 | INFO | instance_num1: 7
23:28:28.55 | INFO | label: 0
23:28:28.55 | INFO | pred: 0
23:28:28.55 | INFO | correct: True
23:28:28.55 | INFO | max class score: 28.0
23:28:28.55 | INFO | all class scores: {0: 28.0, 1: 0.0, 2: 0.0}
23:28:28.55 | INFO | -----------Sub-Problem Details-----------
23:28:28.55 | INFO | No solution found
23:28:28.55 | INFO | x_ins: [1, 0, 0, 1, 0, 0, 0, 1, 0, 0, 0, 0, 1, 0, 0, 0, 1, 0, 0, 0, 0, 1]
23:28:28.55 | INFO | adv_count (unchanged): 0
23:28:28.55 | INFO | ################## itr_num: 999 ###################
23:28:28.55 | INFO | ------------------ Instance Details ------------------
23:28:28.55 | INFO | instance_num1: 8
23:28:28.55 | INFO | label: 0
23:28:28.55 | INFO | pred: 0
23:28:28.55 | INFO | correct: True
23:28:28.55 | INFO | max class score: 27.0
23:28:28.55 | INFO | all class scores: {0: 27.0, 1: 0.0, 2: 0.0}
23:28:28.56 | INFO | -----------Sub-Problem Details-----------
23:28:28.56 | INFO | No solution found
23:28:28.56 | INFO | x_ins: [0, 0, 1, 0, 0, 1, 0, 0, 0, 1, 0, 0, 1, 0, 0, 0, 1, 0, 0, 1, 0, 0]
23:28:28.56 | INFO | adv_count (unchanged): 0
23:28:28.56 | INFO | ################## itr_num: 999 ###################
23:28:28.56 | INFO | ------------------ Instance Details ------------------
23:28:28.56 | INFO | instance_num1: 9
23:28:28.56 | INFO | label: 0
23:28:28.56 | INFO | pred: 0
23:28:28.56 | INFO | correct: True
23:28:28.56 | INFO | max class score: 27.0
23:28:28.56 | INFO | all class scores: {0: 27.0, 1: 0.0, 2: 0.0}
23:28:28.56 | INFO | -----------Sub-Problem Details-----------
23:28:28.56 | INFO | No solution found
23:28:28.56 | INFO | x_ins: [1, 0, 0, 0, 0, 1, 1, 0, 1, 0, 0, 0, 1, 0, 1, 0, 0, 0, 0, 1, 0, 0]
23:28:28.56 | INFO | adv_count (unchanged): 0
